have_header: checking for ruby/thread.h... -------------------- yes

"clang -o conftest -I/Users/kazuya_yufune/.rbenv/versions/2.5.3/include/ruby-2.5.0/x86_64-darwin19 -I/Users/kazuya_yufune/.rbenv/versions/2.5.3/include/ruby-2.5.0/ruby/backward -I/Users/kazuya_yufune/.rbenv/versions/2.5.3/include/ruby-2.5.0 -I. -I/Users/kazuya_yufune/.rbenv/versions/2.5.3/include  -D_XOPEN_SOURCE -D_DARWIN_C_SOURCE -D_DARWIN_UNLIMITED_SELECT -D_REENTRANT   -O3 -ggdb3 -Wall -Wextra -Wno-unused-parameter -Wno-parentheses -Wno-long-long -Wno-missing-field-initializers -Wno-tautological-compare -Wno-parentheses-equality -Wno-constant-logical-operand -Wno-self-assign -Wunused-variable -Wimplicit-int -Wpointer-arith -Wwrite-strings -Wdeclaration-after-statement -Wshorten-64-to-32 -Wimplicit-function-declaration -Wdivision-by-zero -Wdeprecated-declarations -Wextra-tokens  -fno-common -pipe conftest.c  -L. -L/Users/kazuya_yufune/.rbenv/versions/2.5.3/lib -L. -L/Users/kazuya_yufune/.rbenv/versions/2.5.3/lib  -fstack-protector -L/usr/local/lib     -lruby.2.5.3  -lpthread -lgmp -ldl -lobjc "
checked program was:
/* begin */
1: #include "ruby.h"
2: 
3: int main(int argc, char **argv)
4: {
5:   return 0;
6: }
/* end */

"clang -E -I/Users/kazuya_yufune/.rbenv/versions/2.5.3/include/ruby-2.5.0/x86_64-darwin19 -I/Users/kazuya_yufune/.rbenv/versions/2.5.3/include/ruby-2.5.0/ruby/backward -I/Users/kazuya_yufune/.rbenv/versions/2.5.3/include/ruby-2.5.0 -I. -I/Users/kazuya_yufune/.rbenv/versions/2.5.3/include  -D_XOPEN_SOURCE -D_DARWIN_C_SOURCE -D_DARWIN_UNLIMITED_SELECT -D_REENTRANT   -O3 -ggdb3 -Wall -Wextra -Wno-unused-parameter -Wno-parentheses -Wno-long-long -Wno-missing-field-initializers -Wno-tautological-compare -Wno-parentheses-equality -Wno-constant-logical-operand -Wno-self-assign -Wunused-variable -Wimplicit-int -Wpointer-arith -Wwrite-strings -Wdeclaration-after-statement -Wshorten-64-to-32 -Wimplicit-function-declaration -Wdivision-by-zero -Wdeprecated-declarations -Wextra-tokens  -fno-common -pipe  conftest.c -o conftest.i"
checked program was:
/* begin */
1: #include "ruby.h"
2: 
3: #include <ruby/thread.h>
/* end */

--------------------

"clang -I/Users/kazuya_yufune/.rbenv/versions/2.5.3/include/ruby-2.5.0/x86_64-darwin19 -I/Users/kazuya_yufune/.rbenv/versions/2.5.3/include/ruby-2.5.0/ruby/backward -I/Users/kazuya_yufune/.rbenv/versions/2.5.3/include/ruby-2.5.0 -I. -I/Users/kazuya_yufune/.rbenv/versions/2.5.3/include  -D_XOPEN_SOURCE -D_DARWIN_C_SOURCE -D_DARWIN_UNLIMITED_SELECT -D_REENTRANT   -O3 -ggdb3 -Wall -Wextra -Wno-unused-parameter -Wno-parentheses -Wno-long-long -Wno-missing-field-initializers -Wno-tautological-compare -Wno-parentheses-equality -Wno-constant-logical-operand -Wno-self-assign -Wunused-variable -Wimplicit-int -Wpointer-arith -Wwrite-strings -Wdeclaration-after-statement -Wshorten-64-to-32 -Wimplicit-function-declaration -Wdivision-by-zero -Wdeprecated-declarations -Wextra-tokens  -fno-common -pipe   -c conftest.c"
checked program was:
/* begin */
 1: #include "ruby.h"
 2: 
 3: #include <ruby.h>
 4: #include <ruby/thread.h>
 5: 
 6: #include <stdio.h>
 7: 
 8: int main(int argc, char *argv[])
 9: {
10:     printf("%p\n", rb_thread_call_without_gvl);
11:     return 0;
12: }
/* end */

"clang -I/Users/kazuya_yufune/.rbenv/versions/2.5.3/include/ruby-2.5.0/x86_64-darwin19 -I/Users/kazuya_yufune/.rbenv/versions/2.5.3/include/ruby-2.5.0/ruby/backward -I/Users/kazuya_yufune/.rbenv/versions/2.5.3/include/ruby-2.5.0 -I. -I/Users/kazuya_yufune/.rbenv/versions/2.5.3/include  -D_XOPEN_SOURCE -D_DARWIN_C_SOURCE -D_DARWIN_UNLIMITED_SELECT -D_REENTRANT   -O3 -ggdb3 -Wall -Wextra -Wno-unused-parameter -Wno-parentheses -Wno-long-long -Wno-missing-field-initializers -Wno-tautological-compare -Wno-parentheses-equality -Wno-constant-logical-operand -Wno-self-assign -Wunused-variable -Wimplicit-int -Wpointer-arith -Wwrite-strings -Wdeclaration-after-statement -Wshorten-64-to-32 -Wimplicit-function-declaration -Wdivision-by-zero -Wdeprecated-declarations -Wextra-tokens  -fno-common -pipe   -c conftest.c"
conftest.c:6:20: error: use of undeclared identifier 'nullptr'
    printf("%p\n", nullptr);
                   ^
1 error generated.
checked program was:
/* begin */
1: #include "ruby.h"
2: 
3: #include <stdio.h>
4: int main(int argc, char *argv[])
5: {
6:     printf("%p\n", nullptr);
7:     return 0;
8: }
/* end */

"clang -I/Users/kazuya_yufune/.rbenv/versions/2.5.3/include/ruby-2.5.0/x86_64-darwin19 -I/Users/kazuya_yufune/.rbenv/versions/2.5.3/include/ruby-2.5.0/ruby/backward -I/Users/kazuya_yufune/.rbenv/versions/2.5.3/include/ruby-2.5.0 -I. -I/Users/kazuya_yufune/.rbenv/versions/2.5.3/include  -D_XOPEN_SOURCE -D_DARWIN_C_SOURCE -D_DARWIN_UNLIMITED_SELECT -D_REENTRANT   -O3 -ggdb3 -Wall -Wextra -Wno-unused-parameter -Wno-parentheses -Wno-long-long -Wno-missing-field-initializers -Wno-tautological-compare -Wno-parentheses-equality -Wno-constant-logical-operand -Wno-self-assign -Wunused-variable -Wimplicit-int -Wpointer-arith -Wwrite-strings -Wdeclaration-after-statement -Wshorten-64-to-32 -Wimplicit-function-declaration -Wdivision-by-zero -Wdeprecated-declarations -Wextra-tokens  -fno-common -pipe   -x c++  -c conftest.c"
conftest.c:21:45: error: expected expression
    std::function<int (int, int)> convert = [&](int arg1, int arg2){
                                            ^
conftest.c:27:59: error: expected expression
    std::transform(array, array + size, var_list.begin(), [&](int arg){
                                                          ^
conftest.c:31:53: error: expected expression
    std::for_each(var_list.begin(), var_list.end(), [](int num){ std::cout << num << std::endl; });
                                                    ^
3 errors generated.
checked program was:
/* begin */
 1: #include "ruby.h"
 2: 
 3: #include <functional>
 4: #include <algorithm>
 5: #include <array>
 6: #include <iostream>
 7: 
 8: #include <ruby.h>
 9: 
10: // see the test on memset_s below, which is a purely BSD thing
11: #if defined(__APPLE__) || defined(BSD)
12: #include <string.h>
13: #endif
14: 
15: void test()
16: {
17:     int array[] = { 0, 1, 2, 3, 4, 5, 6, 7, 8, 9 };
18:     const int size = sizeof(array)/sizeof(array[0]);
19:     std::array<int, size> var_list;
20: 
21:     std::function<int (int, int)> convert = [&](int arg1, int arg2){
22:         return arg1 * arg2;
23:     };
24: 
25:     const int value = 10;
26: 
27:     std::transform(array, array + size, var_list.begin(), [&](int arg){
28:         return convert(arg, value);
29:     });
30: 
31:     std::for_each(var_list.begin(), var_list.end(), [](int num){ std::cout << num << std::endl; });
32: 
33: #if defined(__APPLE__) || defined(BSD)
34:     char str[] = "imareallycoolstringright";
35:     memset_s(str, sizeof str, 'b', 5);
36: #endif
37: }
/* end */

"clang -I/Users/kazuya_yufune/.rbenv/versions/2.5.3/include/ruby-2.5.0/x86_64-darwin19 -I/Users/kazuya_yufune/.rbenv/versions/2.5.3/include/ruby-2.5.0/ruby/backward -I/Users/kazuya_yufune/.rbenv/versions/2.5.3/include/ruby-2.5.0 -I. -I/Users/kazuya_yufune/.rbenv/versions/2.5.3/include  -D_XOPEN_SOURCE -D_DARWIN_C_SOURCE -D_DARWIN_UNLIMITED_SELECT -D_REENTRANT   -O3 -ggdb3 -Wall -Wextra -Wno-unused-parameter -Wno-parentheses -Wno-long-long -Wno-missing-field-initializers -Wno-tautological-compare -Wno-parentheses-equality -Wno-constant-logical-operand -Wno-self-assign -Wunused-variable -Wimplicit-int -Wpointer-arith -Wwrite-strings -Wdeclaration-after-statement -Wshorten-64-to-32 -Wimplicit-function-declaration -Wdivision-by-zero -Wdeprecated-declarations -Wextra-tokens  -fno-common -pipe    -c conftest.c"
conftest.c:3:10: fatal error: 'functional' file not found
#include <functional>
         ^~~~~~~~~~~~
1 error generated.
checked program was:
/* begin */
 1: #include "ruby.h"
 2: 
 3: #include <functional>
 4: #include <algorithm>
 5: #include <array>
 6: #include <iostream>
 7: 
 8: #include <ruby.h>
 9: 
10: // see the test on memset_s below, which is a purely BSD thing
11: #if defined(__APPLE__) || defined(BSD)
12: #include <string.h>
13: #endif
14: 
15: void test()
16: {
17:     int array[] = { 0, 1, 2, 3, 4, 5, 6, 7, 8, 9 };
18:     const int size = sizeof(array)/sizeof(array[0]);
19:     std::array<int, size> var_list;
20: 
21:     std::function<int (int, int)> convert = [&](int arg1, int arg2){
22:         return arg1 * arg2;
23:     };
24: 
25:     const int value = 10;
26: 
27:     std::transform(array, array + size, var_list.begin(), [&](int arg){
28:         return convert(arg, value);
29:     });
30: 
31:     std::for_each(var_list.begin(), var_list.end(), [](int num){ std::cout << num << std::endl; });
32: 
33: #if defined(__APPLE__) || defined(BSD)
34:     char str[] = "imareallycoolstringright";
35:     memset_s(str, sizeof str, 'b', 5);
36: #endif
37: }
/* end */

"clang -I/Users/kazuya_yufune/.rbenv/versions/2.5.3/include/ruby-2.5.0/x86_64-darwin19 -I/Users/kazuya_yufune/.rbenv/versions/2.5.3/include/ruby-2.5.0/ruby/backward -I/Users/kazuya_yufune/.rbenv/versions/2.5.3/include/ruby-2.5.0 -I. -I/Users/kazuya_yufune/.rbenv/versions/2.5.3/include  -D_XOPEN_SOURCE -D_DARWIN_C_SOURCE -D_DARWIN_UNLIMITED_SELECT -D_REENTRANT   -O3 -ggdb3 -Wall -Wextra -Wno-unused-parameter -Wno-parentheses -Wno-long-long -Wno-missing-field-initializers -Wno-tautological-compare -Wno-parentheses-equality -Wno-constant-logical-operand -Wno-self-assign -Wunused-variable -Wimplicit-int -Wpointer-arith -Wwrite-strings -Wdeclaration-after-statement -Wshorten-64-to-32 -Wimplicit-function-declaration -Wdivision-by-zero -Wdeprecated-declarations -Wextra-tokens  -fno-common -pipe  -std=gnu++11 -x c++  -c conftest.c"
In file included from conftest.c:1:
In file included from /Users/kazuya_yufune/.rbenv/versions/2.5.3/include/ruby-2.5.0/ruby.h:33:
In file included from /Users/kazuya_yufune/.rbenv/versions/2.5.3/include/ruby-2.5.0/ruby/ruby.h:2040:
/Users/kazuya_yufune/.rbenv/versions/2.5.3/include/ruby-2.5.0/ruby/intern.h:47:19: warning: 'register' storage class specifier is deprecated and incompatible with C++17 [-Wdeprecated-register]
void rb_mem_clear(register VALUE*, register long);
                  ^~~~~~~~~
/Users/kazuya_yufune/.rbenv/versions/2.5.3/include/ruby-2.5.0/ruby/intern.h:47:36: warning: 'register' storage class specifier is deprecated and incompatible with C++17 [-Wdeprecated-register]
void rb_mem_clear(register VALUE*, register long);
                                   ^~~~~~~~~
2 warnings generated.
checked program was:
/* begin */
 1: #include "ruby.h"
 2: 
 3: #include <functional>
 4: #include <algorithm>
 5: #include <array>
 6: #include <iostream>
 7: 
 8: #include <ruby.h>
 9: 
10: // see the test on memset_s below, which is a purely BSD thing
11: #if defined(__APPLE__) || defined(BSD)
12: #include <string.h>
13: #endif
14: 
15: void test()
16: {
17:     int array[] = { 0, 1, 2, 3, 4, 5, 6, 7, 8, 9 };
18:     const int size = sizeof(array)/sizeof(array[0]);
19:     std::array<int, size> var_list;
20: 
21:     std::function<int (int, int)> convert = [&](int arg1, int arg2){
22:         return arg1 * arg2;
23:     };
24: 
25:     const int value = 10;
26: 
27:     std::transform(array, array + size, var_list.begin(), [&](int arg){
28:         return convert(arg, value);
29:     });
30: 
31:     std::for_each(var_list.begin(), var_list.end(), [](int num){ std::cout << num << std::endl; });
32: 
33: #if defined(__APPLE__) || defined(BSD)
34:     char str[] = "imareallycoolstringright";
35:     memset_s(str, sizeof str, 'b', 5);
36: #endif
37: }
/* end */

